# JRE version: Java(TM) SE Runtime Environment (23.0+37) (build 23+37-2369)
# Java VM: Java HotSpot(TM) 64-Bit Server VM (23+37-2369, mixed mode, sharing, tiered, compressed oops, compressed class ptrs, g1 gc, windows-amd64)
GC Precious Log:
 CardTable entry size: 512
 Card Set container configuration: InlinePtr #cards 4 size 8 Array Of Cards #cards 16 size 48 Howl #buckets 8 coarsen threshold 3686 Howl Bitmap #cards 512 size 80 coarsen threshold 460 Card regions per heap region 1 cards per card region 4096
 CPUs: 16 total, 16 available
 Memory: 16085M
 Large Page Support: Disabled
 NUMA Support: Disabled
 Compressed Oops: Enabled (Zero based)
 Heap Region Size: 2M
 Heap Min Capacity: 8M
 Heap Initial Capacity: 252M
 Heap Max Capacity: 4022M
 Pre-touch: Disabled
 Parallel Workers: 13
 Concurrent Workers: 3
 Concurrent Refinement Workers: 13
 Periodic GC: Disabled
Heap:
 garbage-first heap   total reserved 4118528K, committed 198656K, used 60421K [0x0000000704a00000, 0x0000000800000000)
  region size 2048K, 1 young (2048K), 1 survivors (2048K)
 Metaspace       used 40616K, committed 41216K, reserved 1114112K
  class space    used 5083K, committed 5312K, reserved 1048576K
GC Heap History (20 events):
Event: 869.794 GC heap after
{Heap after GC invocations=98 (full 23):
 garbage-first heap   total reserved 4118528K, committed 198656K, used 57661K [0x0000000704a00000, 0x0000000800000000)
  region size 2048K, 0 young (0K), 0 survivors (0K)
 Metaspace       used 40599K, committed 41216K, reserved 1114112K
  class space    used 5083K, committed 5312K, reserved 1048576K
}
Event: 870.019 GC heap before
{Heap before GC invocations=98 (full 23):
 garbage-first heap   total reserved 4118528K, committed 198656K, used 63805K [0x0000000704a00000, 0x0000000800000000)
  region size 2048K, 5 young (10240K), 0 survivors (0K)
 Metaspace       used 40606K, committed 41216K, reserved 1114112K
  class space    used 5083K, committed 5312K, reserved 1048576K
}
Event: 870.020 GC heap after
{Heap after GC invocations=99 (full 23):
 garbage-first heap   total reserved 4118528K, committed 198656K, used 57923K [0x0000000704a00000, 0x0000000800000000)
  region size 2048K, 1 young (2048K), 1 survivors (2048K)
 Metaspace       used 40606K, committed 41216K, reserved 1114112K
  class space    used 5083K, committed 5312K, reserved 1048576K
}
Event: 870.050 GC heap before
{Heap before GC invocations=100 (full 23):
 garbage-first heap   total reserved 4118528K, committed 198656K, used 57923K [0x0000000704a00000, 0x0000000800000000)
  region size 2048K, 2 young (4096K), 1 survivors (2048K)
 Metaspace       used 40606K, committed 41216K, reserved 1114112K
  class space    used 5083K, committed 5312K, reserved 1048576K
}
Event: 870.062 GC heap after
{Heap after GC invocations=101 (full 24):
 garbage-first heap   total reserved 4118528K, committed 198656K, used 57959K [0x0000000704a00000, 0x0000000800000000)
  region size 2048K, 0 young (0K), 0 survivors (0K)
 Metaspace       used 40606K, committed 41216K, reserved 1114112K
  class space    used 5083K, committed 5312K, reserved 1048576K
}
Event: 870.062 GC heap before
{Heap before GC invocations=101 (full 24):
 garbage-first heap   total reserved 4118528K, committed 198656K, used 57959K [0x0000000704a00000, 0x0000000800000000)
  region size 2048K, 1 young (2048K), 0 survivors (0K)
 Metaspace       used 40606K, committed 41216K, reserved 1114112K
  class space    used 5083K, committed 5312K, reserved 1048576K
}
Event: 870.074 GC heap after
{Heap after GC invocations=102 (full 25):
 garbage-first heap   total reserved 4118528K, committed 198656K, used 57959K [0x0000000704a00000, 0x0000000800000000)
  region size 2048K, 0 young (0K), 0 survivors (0K)
 Metaspace       used 40606K, committed 41216K, reserved 1114112K
  class space    used 5083K, committed 5312K, reserved 1048576K
}
Event: 870.202 GC heap before
{Heap before GC invocations=102 (full 25):
 garbage-first heap   total reserved 4118528K, committed 198656K, used 62055K [0x0000000704a00000, 0x0000000800000000)
  region size 2048K, 3 young (6144K), 0 survivors (0K)
 Metaspace       used 40606K, committed 41216K, reserved 1114112K
  class space    used 5083K, committed 5312K, reserved 1048576K
}
Event: 870.217 GC heap after
{Heap after GC invocations=103 (full 26):
 garbage-first heap   total reserved 4118528K, committed 198656K, used 58448K [0x0000000704a00000, 0x0000000800000000)
  region size 2048K, 0 young (0K), 0 survivors (0K)
 Metaspace       used 40606K, committed 41216K, reserved 1114112K
  class space    used 5083K, committed 5312K, reserved 1048576K
}
Event: 870.217 GC heap before
{Heap before GC invocations=103 (full 26):
 garbage-first heap   total reserved 4118528K, committed 198656K, used 58448K [0x0000000704a00000, 0x0000000800000000)
  region size 2048K, 0 young (0K), 0 survivors (0K)
 Metaspace       used 40606K, committed 41216K, reserved 1114112K
  class space    used 5083K, committed 5312K, reserved 1048576K
}
Event: 870.230 GC heap after
{Heap after GC invocations=104 (full 27):
 garbage-first heap   total reserved 4118528K, committed 198656K, used 58448K [0x0000000704a00000, 0x0000000800000000)
  region size 2048K, 0 young (0K), 0 survivors (0K)
 Metaspace       used 40606K, committed 41216K, reserved 1114112K
  class space    used 5083K, committed 5312K, reserved 1048576K
}
Event: 870.258 GC heap before
{Heap before GC invocations=104 (full 27):
 garbage-first heap   total reserved 4118528K, committed 198656K, used 60496K [0x0000000704a00000, 0x0000000800000000)
  region size 2048K, 2 young (4096K), 0 survivors (0K)
 Metaspace       used 40616K, committed 41216K, reserved 1114112K
  class space    used 5083K, committed 5312K, reserved 1048576K
}
Event: 870.271 GC heap after
{Heap after GC invocations=105 (full 28):
 garbage-first heap   total reserved 4118528K, committed 198656K, used 58719K [0x0000000704a00000, 0x0000000800000000)
  region size 2048K, 0 young (0K), 0 survivors (0K)
 Metaspace       used 40616K, committed 41216K, reserved 1114112K
  class space    used 5083K, committed 5312K, reserved 1048576K
}
Event: 870.271 GC heap before
{Heap before GC invocations=105 (full 28):
 garbage-first heap   total reserved 4118528K, committed 198656K, used 58719K [0x0000000704a00000, 0x0000000800000000)
  region size 2048K, 1 young (2048K), 0 survivors (0K)
 Metaspace       used 40616K, committed 41216K, reserved 1114112K
  class space    used 5083K, committed 5312K, reserved 1048576K
}
Event: 870.284 GC heap after
{Heap after GC invocations=106 (full 29):
 garbage-first heap   total reserved 4118528K, committed 198656K, used 58720K [0x0000000704a00000, 0x0000000800000000)
  region size 2048K, 0 young (0K), 0 survivors (0K)
 Metaspace       used 40616K, committed 41216K, reserved 1114112K
  class space    used 5083K, committed 5312K, reserved 1048576K
}
Event: 870.305 GC heap before
{Heap before GC invocations=106 (full 29):
 garbage-first heap   total reserved 4118528K, committed 198656K, used 58720K [0x0000000704a00000, 0x0000000800000000)
  region size 2048K, 1 young (2048K), 0 survivors (0K)
 Metaspace       used 40616K, committed 41216K, reserved 1114112K
  class space    used 5083K, committed 5312K, reserved 1048576K
}
Event: 870.323 GC heap after
{Heap after GC invocations=107 (full 30):
 garbage-first heap   total reserved 4118528K, committed 198656K, used 58710K [0x0000000704a00000, 0x0000000800000000)
  region size 2048K, 0 young (0K), 0 survivors (0K)
 Metaspace       used 40616K, committed 41216K, reserved 1114112K
  class space    used 5083K, committed 5312K, reserved 1048576K
}
Event: 870.323 GC heap before
{Heap before GC invocations=107 (full 30):
 garbage-first heap   total reserved 4118528K, committed 198656K, used 58710K [0x0000000704a00000, 0x0000000800000000)
  region size 2048K, 1 young (2048K), 0 survivors (0K)
 Metaspace       used 40616K, committed 41216K, reserved 1114112K
  class space    used 5083K, committed 5312K, reserved 1048576K
}
Event: 870.336 GC heap after
{Heap after GC invocations=108 (full 31):
 garbage-first heap   total reserved 4118528K, committed 198656K, used 58710K [0x0000000704a00000, 0x0000000800000000)
  region size 2048K, 0 young (0K), 0 survivors (0K)
 Metaspace       used 40616K, committed 41216K, reserved 1114112K
  class space    used 5083K, committed 5312K, reserved 1048576K
}
Event: 870.341 GC heap before
{Heap before GC invocations=108 (full 31):
 garbage-first heap   total reserved 4118528K, committed 198656K, used 58710K [0x0000000704a00000, 0x0000000800000000)
  region size 2048K, 2 young (4096K), 0 survivors (0K)
 Metaspace       used 40616K, committed 41216K, reserved 1114112K
  class space    used 5083K, committed 5312K, reserved 1048576K
}

